2024-06-21 00:53:35.295 -04:00 [INF] Iniciando el servicio de actualización de IP
2024-06-21 00:53:35.506 -04:00 [INF] Configuration Result:
[Success] Name IPUpdateService
[Success] DisplayName IP Update Service
[Success] Description Servicio que actualiza la IP en GitHub si ha cambiado.
[Success] ServiceName IPUpdateService
2024-06-21 00:53:35.522 -04:00 [INF] Topshelf v4.3.0.0, .NET 8.0.5 (8.0.5)
2024-06-21 00:53:35.557 -04:00 [DBG] Running as a console application, creating the console host.
2024-06-21 00:53:35.572 -04:00 [DBG] Starting up as a console application
2024-06-21 00:53:35.575 -04:00 [INF] Iniciando el temporizador de actualización de IP
2024-06-21 00:53:35.579 -04:00 [INF] The IPUpdateService service is now running, press Control+C to exit.
2024-06-21 00:54:35.588 -04:00 [DBG] Comprobando la IP actual
2024-06-21 00:54:36.675 -04:00 [DBG] IP actual obtenida: 181.172.225.128
2024-06-21 00:54:36.680 -04:00 [DBG] Obteniendo la IP almacenada
2024-06-21 00:54:37.001 -04:00 [DBG] IP almacenada obtenida: 190.114.42.240
2024-06-21 00:54:37.003 -04:00 [INF] La IP ha cambiado. Actualizando...
2024-06-21 00:54:37.008 -04:00 [DBG] IP guardada localmente: 181.172.225.128
2024-06-21 00:54:37.094 -04:00 [DBG] Comando Git ejecutado con éxito: config user.name "IPUpdateBot"
2024-06-21 00:54:37.170 -04:00 [DBG] Comando Git ejecutado con éxito: config user.email "bot@example.com"
2024-06-21 00:54:37.258 -04:00 [DBG] Comando Git ejecutado con éxito: add ip.txt
2024-06-21 00:54:37.453 -04:00 [DBG] Comando Git ejecutado con éxito: commit -m "Update IP to 181.172.225.128"
2024-06-21 00:54:37.858 -04:00 [ERR] Comando Git falló: error: src refspec main does not match any
error: failed to push some refs to 'https://github.com/m4570r/miip.git'

2024-06-21 00:54:37.861 -04:00 [ERR] Error al ejecutar comando Git: push https://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@github.com/m4570r/miip.git main
System.Exception: Git command failed: error: src refspec main does not match any
error: failed to push some refs to 'https://github.com/m4570r/miip.git'

   at IPUpdateService.IPUpdater.ExecuteGitCommand(String gitPath, String workingDirectory, String arguments)
2024-06-21 00:54:37.895 -04:00 [ERR] Error al hacer push a GitHub
System.Exception: Git command failed: error: src refspec main does not match any
error: failed to push some refs to 'https://github.com/m4570r/miip.git'

   at IPUpdateService.IPUpdater.ExecuteGitCommand(String gitPath, String workingDirectory, String arguments)
   at IPUpdateService.IPUpdater.PushToGitHub(String ip)
2024-06-21 00:54:37.899 -04:00 [ERR] Error al comprobar y actualizar la IP
System.Exception: Git command failed: error: src refspec main does not match any
error: failed to push some refs to 'https://github.com/m4570r/miip.git'

   at IPUpdateService.IPUpdater.ExecuteGitCommand(String gitPath, String workingDirectory, String arguments)
   at IPUpdateService.IPUpdater.PushToGitHub(String ip)
   at IPUpdateService.IPUpdater.CheckAndUpdateIP()
2024-06-21 00:55:22.341 -04:00 [INF] Control+C detected, attempting to stop service.
2024-06-21 00:55:22.346 -04:00 [INF] Deteniendo el servicio de actualización de IP
2024-06-21 00:55:22.349 -04:00 [INF] The IPUpdateService service has stopped.
2024-06-21 00:57:23.419 -04:00 [INF] Iniciando el servicio de actualización de IP
2024-06-21 00:57:23.603 -04:00 [INF] Configuration Result:
[Success] Name IPUpdateService
[Success] DisplayName IP Update Service
[Success] Description Servicio que actualiza la IP en GitHub si ha cambiado.
[Success] ServiceName IPUpdateService
2024-06-21 00:57:23.618 -04:00 [INF] Topshelf v4.3.0.0, .NET 8.0.5 (8.0.5)
2024-06-21 00:57:23.645 -04:00 [DBG] Running as a console application, creating the console host.
2024-06-21 00:57:23.660 -04:00 [DBG] Starting up as a console application
2024-06-21 00:57:23.664 -04:00 [INF] Iniciando el temporizador de actualización de IP
2024-06-21 00:57:23.667 -04:00 [INF] The IPUpdateService service is now running, press Control+C to exit.
2024-06-21 00:58:23.677 -04:00 [DBG] Comprobando la IP actual
2024-06-21 00:58:24.836 -04:00 [DBG] IP actual obtenida: 181.172.225.128
2024-06-21 00:58:24.841 -04:00 [DBG] Obteniendo la IP almacenada
2024-06-21 00:58:24.890 -04:00 [DBG] IP almacenada obtenida: 190.114.42.240
2024-06-21 00:58:24.891 -04:00 [INF] La IP ha cambiado. Actualizando...
2024-06-21 00:58:24.896 -04:00 [DBG] IP guardada localmente: 181.172.225.128
2024-06-21 00:58:24.966 -04:00 [DBG] Comando Git ejecutado con éxito: config user.name "IPUpdateBot"
2024-06-21 00:58:25.039 -04:00 [DBG] Comando Git ejecutado con éxito: config user.email "bot@example.com"
2024-06-21 00:58:25.124 -04:00 [DBG] Comando Git ejecutado con éxito: add ip.txt
2024-06-21 00:58:25.207 -04:00 [ERR] Comando Git falló: 
2024-06-21 00:58:25.210 -04:00 [ERR] Error al ejecutar comando Git: commit -m "Update IP to 181.172.225.128"
System.Exception: Git command failed: 
   at IPUpdateService.IPUpdater.ExecuteGitCommand(String gitPath, String workingDirectory, String arguments)
2024-06-21 00:58:25.242 -04:00 [ERR] Error al hacer push a GitHub
System.Exception: Git command failed: 
   at IPUpdateService.IPUpdater.ExecuteGitCommand(String gitPath, String workingDirectory, String arguments)
   at IPUpdateService.IPUpdater.PushToGitHub(String ip)
2024-06-21 00:58:25.246 -04:00 [ERR] Error al comprobar y actualizar la IP
System.Exception: Git command failed: 
   at IPUpdateService.IPUpdater.ExecuteGitCommand(String gitPath, String workingDirectory, String arguments)
   at IPUpdateService.IPUpdater.PushToGitHub(String ip)
   at IPUpdateService.IPUpdater.CheckAndUpdateIP()
2024-06-21 01:01:27.049 -04:00 [INF] Iniciando el servicio de actualización de IP
2024-06-21 01:01:27.229 -04:00 [INF] Configuration Result:
[Success] Name IPUpdateService
[Success] DisplayName IP Update Service
[Success] Description Servicio que actualiza la IP en GitHub si ha cambiado.
[Success] ServiceName IPUpdateService
2024-06-21 01:01:27.244 -04:00 [INF] Topshelf v4.3.0.0, .NET 8.0.5 (8.0.5)
2024-06-21 01:01:27.278 -04:00 [DBG] Running as a console application, creating the console host.
2024-06-21 01:01:27.302 -04:00 [DBG] Starting up as a console application
2024-06-21 01:01:27.310 -04:00 [INF] Iniciando el temporizador de actualización de IP
2024-06-21 01:01:27.313 -04:00 [INF] The IPUpdateService service is now running, press Control+C to exit.
2024-06-21 01:02:27.323 -04:00 [DBG] Comprobando la IP actual
2024-06-21 01:02:28.448 -04:00 [DBG] IP actual obtenida: 181.172.225.128
2024-06-21 01:02:28.453 -04:00 [DBG] Obteniendo la IP almacenada
2024-06-21 01:02:28.789 -04:00 [DBG] IP almacenada obtenida: 190.114.42.240
2024-06-21 01:02:28.791 -04:00 [INF] La IP ha cambiado. Actualizando...
2024-06-21 01:02:28.796 -04:00 [DBG] IP guardada localmente: 181.172.225.128
2024-06-21 01:02:28.879 -04:00 [DBG] Comando Git ejecutado con éxito: config user.name "m4570r"
2024-06-21 01:02:28.957 -04:00 [DBG] Comando Git ejecutado con éxito: config user.email "mgonzalez.gnu@gmail.com"
2024-06-21 01:02:29.033 -04:00 [DBG] Comando Git ejecutado con éxito: add ip.txt
2024-06-21 01:02:29.106 -04:00 [ERR] Comando Git falló: 
2024-06-21 01:02:29.108 -04:00 [ERR] Error al ejecutar comando Git: commit -m "Update IP to 181.172.225.128"
System.Exception: Git command failed: 
   at IPUpdateService.IPUpdater.ExecuteGitCommand(String gitPath, String workingDirectory, String arguments)
2024-06-21 01:02:29.140 -04:00 [ERR] Error al hacer push a GitHub
System.Exception: Git command failed: 
   at IPUpdateService.IPUpdater.ExecuteGitCommand(String gitPath, String workingDirectory, String arguments)
   at IPUpdateService.IPUpdater.PushToGitHub(String ip)
2024-06-21 01:02:29.148 -04:00 [ERR] Error al comprobar y actualizar la IP
System.Exception: Git command failed: 
   at IPUpdateService.IPUpdater.ExecuteGitCommand(String gitPath, String workingDirectory, String arguments)
   at IPUpdateService.IPUpdater.PushToGitHub(String ip)
   at IPUpdateService.IPUpdater.CheckAndUpdateIP()
2024-06-21 01:03:16.803 -04:00 [INF] Control+C detected, attempting to stop service.
2024-06-21 01:03:16.808 -04:00 [INF] Deteniendo el servicio de actualización de IP
2024-06-21 01:03:16.811 -04:00 [INF] The IPUpdateService service has stopped.
